<?xml version="1.0" encoding="UTF-8"?>
<testsuite xmlns:xsi="http://www.w3.org/2001/XMLSchema-instance" xsi:noNamespaceSchemaLocation="https://maven.apache.org/surefire/maven-surefire-plugin/xsd/surefire-test-report-3.0.xsd" version="3.0" name="org.onosproject.provider.myapp.AppComponentTest" time="0.003" tests="1" errors="0" skipped="0" failures="0">
  <properties>
    <property name="sun.desktop" value="gnome"/>
    <property name="awt.toolkit" value="sun.awt.X11.XToolkit"/>
    <property name="java.specification.version" value="11"/>
    <property name="sun.cpu.isalist" value=""/>
    <property name="sun.jnu.encoding" value="UTF-8"/>
    <property name="java.class.path" value="/home/jisu/onos/providers/myapp/target/test-classes:/home/jisu/onos/providers/myapp/target/classes:/home/jisu/.m2/repository/org/onosproject/onos-api/2.7.0-SNAPSHOT/onos-api-2.7.0-SNAPSHOT.jar:/home/jisu/.m2/repository/commons-configuration/commons-configuration/1.10/commons-configuration-1.10.jar:/home/jisu/.m2/repository/commons-logging/commons-logging/1.2/commons-logging-1.2.jar:/home/jisu/.m2/repository/commons-collections/commons-collections/3.2.2/commons-collections-3.2.2.jar:/home/jisu/.m2/repository/commons-lang/commons-lang/2.6/commons-lang-2.6.jar:/home/jisu/.m2/repository/org/apache/commons/commons-lang3/3.7/commons-lang3-3.7.jar:/home/jisu/.m2/repository/commons-io/commons-io/2.6/commons-io-2.6.jar:/home/jisu/.m2/repository/commons-pool/commons-pool/1.6/commons-pool-1.6.jar:/home/jisu/.m2/repository/org/apache/karaf/features/org.apache.karaf.features.core/4.2.9/org.apache.karaf.features.core-4.2.9.jar:/home/jisu/.m2/repository/org/ops4j/pax/url/pax-url-aether/2.6.2/pax-url-aether-2.6.2.jar:/home/jisu/.m2/repository/org/slf4j/jcl-over-slf4j/1.6.6/jcl-over-slf4j-1.6.6.jar:/home/jisu/.m2/repository/org/ops4j/base/ops4j-base-util-property/1.5.1/ops4j-base-util-property-1.5.1.jar:/home/jisu/.m2/repository/org/ops4j/base/ops4j-base-util-collections/1.5.1/ops4j-base-util-collections-1.5.1.jar:/home/jisu/.m2/repository/org/ops4j/base/ops4j-base-lang/1.5.1/ops4j-base-lang-1.5.1.jar:/home/jisu/.m2/repository/org/ops4j/pax/swissbox/pax-swissbox-property/1.8.3/pax-swissbox-property-1.8.3.jar:/home/jisu/.m2/repository/jakarta/xml/bind/jakarta.xml.bind-api/2.3.3/jakarta.xml.bind-api-2.3.3.jar:/home/jisu/.m2/repository/jakarta/activation/jakarta.activation-api/1.2.2/jakarta.activation-api-1.2.2.jar:/home/jisu/.m2/repository/org/glassfish/jaxb/jaxb-runtime/2.3.3/jaxb-runtime-2.3.3.jar:/home/jisu/.m2/repository/org/glassfish/jaxb/txw2/2.3.3/txw2-2.3.3.jar:/home/jisu/.m2/repository/com/sun/istack/istack-commons-runtime/3.0.11/istack-commons-runtime-3.0.11.jar:/home/jisu/.m2/repository/com/sun/activation/jakarta.activation/1.2.2/jakarta.activation-1.2.2.jar:/home/jisu/.m2/repository/javax/activation/activation/1.1.1/activation-1.1.1.jar:/home/jisu/.m2/repository/org/apache/karaf/system/org.apache.karaf.system.core/4.2.9/org.apache.karaf.system.core-4.2.9.jar:/home/jisu/.m2/repository/org/apache/karaf/org.apache.karaf.util/4.2.9/org.apache.karaf.util-4.2.9.jar:/home/jisu/.m2/repository/org/apache/felix/org.apache.felix.utils/1.11.2/org.apache.felix.utils-1.11.2.jar:/home/jisu/.m2/repository/org/apache/karaf/jaas/org.apache.karaf.jaas.boot/4.2.9/org.apache.karaf.jaas.boot-4.2.9.jar:/home/jisu/.m2/repository/org/apache/servicemix/bundles/org.apache.servicemix.bundles.dom4j/1.6.1_5/org.apache.servicemix.bundles.dom4j-1.6.1_5.jar:/home/jisu/.m2/repository/xml-apis/xml-apis/1.0.b2/xml-apis-1.0.b2.jar:/home/jisu/.m2/repository/com/google/code/findbugs/jsr305/3.0.2/jsr305-3.0.2.jar:/home/jisu/.m2/repository/io/netty/netty-buffer/4.1.35.Final/netty-buffer-4.1.35.Final.jar:/home/jisu/.m2/repository/io/netty/netty-common/4.1.35.Final/netty-common-4.1.35.Final.jar:/home/jisu/.m2/repository/com/fasterxml/jackson/core/jackson-annotations/2.11.0/jackson-annotations-2.11.0.jar:/home/jisu/.m2/repository/com/fasterxml/jackson/core/jackson-core/2.11.0/jackson-core-2.11.0.jar:/home/jisu/.m2/repository/com/fasterxml/jackson/core/jackson-databind/2.11.0/jackson-databind-2.11.0.jar:/home/jisu/.m2/repository/io/dropwizard/metrics/metrics-core/3.2.2/metrics-core-3.2.2.jar:/home/jisu/.m2/repository/io/dropwizard/metrics/metrics-json/3.2.2/metrics-json-3.2.2.jar:/home/jisu/.m2/repository/com/esotericsoftware/kryo/4.0.1/kryo-4.0.1.jar:/home/jisu/.m2/repository/com/esotericsoftware/reflectasm/1.11.7/reflectasm-1.11.7.jar:/home/jisu/.m2/repository/org/ow2/asm/asm/5.2/asm-5.2.jar:/home/jisu/.m2/repository/com/esotericsoftware/minlog/1.3.0/minlog-1.3.0.jar:/home/jisu/.m2/repository/org/objenesis/objenesis/2.6/objenesis-2.6.jar:/home/jisu/.m2/repository/org/onosproject/onlab-rest/2.7.0-SNAPSHOT/onlab-rest-2.7.0-SNAPSHOT.jar:/home/jisu/.m2/repository/javax/ws/rs/javax.ws.rs-api/2.1/javax.ws.rs-api-2.1.jar:/home/jisu/.m2/repository/org/glassfish/jersey/core/jersey-server/2.27/jersey-server-2.27.jar:/home/jisu/.m2/repository/org/glassfish/jersey/core/jersey-common/2.27/jersey-common-2.27.jar:/home/jisu/.m2/repository/org/glassfish/hk2/osgi-resource-locator/1.0.1/osgi-resource-locator-1.0.1.jar:/home/jisu/.m2/repository/org/glassfish/jersey/core/jersey-client/2.27/jersey-client-2.27.jar:/home/jisu/.m2/repository/org/glassfish/jersey/media/jersey-media-jaxb/2.27/jersey-media-jaxb-2.27.jar:/home/jisu/.m2/repository/javax/annotation/javax.annotation-api/1.2/javax.annotation-api-1.2.jar:/home/jisu/.m2/repository/org/glassfish/hk2/external/javax.inject/2.5.0-b42/javax.inject-2.5.0-b42.jar:/home/jisu/.m2/repository/javax/validation/validation-api/1.1.0.Final/validation-api-1.1.0.Final.jar:/home/jisu/.m2/repository/org/glassfish/jersey/inject/jersey-hk2/2.27/jersey-hk2-2.27.jar:/home/jisu/.m2/repository/org/glassfish/hk2/hk2-locator/2.5.0-b42/hk2-locator-2.5.0-b42.jar:/home/jisu/.m2/repository/org/glassfish/hk2/external/aopalliance-repackaged/2.5.0-b42/aopalliance-repackaged-2.5.0-b42.jar:/home/jisu/.m2/repository/org/glassfish/hk2/hk2-api/2.5.0-b42/hk2-api-2.5.0-b42.jar:/home/jisu/.m2/repository/javax/inject/javax.inject/1/javax.inject-1.jar:/home/jisu/.m2/repository/org/glassfish/hk2/hk2-utils/2.5.0-b42/hk2-utils-2.5.0-b42.jar:/home/jisu/.m2/repository/org/javassist/javassist/3.22.0-CR2/javassist-3.22.0-CR2.jar:/home/jisu/.m2/repository/joda-time/joda-time/2.9.3/joda-time-2.9.3.jar:/home/jisu/.m2/repository/io/netty/netty/3.10.5.Final/netty-3.10.5.Final.jar:/home/jisu/.m2/repository/org/onosproject/onlab-osgi/2.7.0-SNAPSHOT/onlab-osgi-2.7.0-SNAPSHOT.jar:/home/jisu/.m2/repository/org/onosproject/onlab-misc/2.7.0-SNAPSHOT/onlab-misc-2.7.0-SNAPSHOT.jar:/home/jisu/.m2/repository/org/onosproject/onos-api/2.7.0-SNAPSHOT/onos-api-2.7.0-SNAPSHOT-tests.jar:/home/jisu/.m2/repository/com/google/guava/guava/22.0/guava-22.0.jar:/home/jisu/.m2/repository/com/google/errorprone/error_prone_annotations/2.0.18/error_prone_annotations-2.0.18.jar:/home/jisu/.m2/repository/com/google/j2objc/j2objc-annotations/1.1/j2objc-annotations-1.1.jar:/home/jisu/.m2/repository/org/codehaus/mojo/animal-sniffer-annotations/1.14/animal-sniffer-annotations-1.14.jar:/home/jisu/.m2/repository/org/osgi/org.osgi.core/6.0.0/org.osgi.core-6.0.0.jar:/home/jisu/.m2/repository/org/osgi/org.osgi.service.component.annotations/1.4.0/org.osgi.service.component.annotations-1.4.0.jar:/home/jisu/.m2/repository/org/osgi/org.osgi.service.component/1.4.0/org.osgi.service.component-1.4.0.jar:/home/jisu/.m2/repository/org/osgi/org.osgi.service.metatype.annotations/1.4.0/org.osgi.service.metatype.annotations-1.4.0.jar:/home/jisu/.m2/repository/org/osgi/org.osgi.util.promise/1.1.1/org.osgi.util.promise-1.1.1.jar:/home/jisu/.m2/repository/org/osgi/osgi.cmpn/6.0.0/osgi.cmpn-6.0.0.jar:/home/jisu/.m2/repository/org/slf4j/slf4j-api/1.7.25/slf4j-api-1.7.25.jar:/home/jisu/.m2/repository/com/google/guava/guava-testlib/22.0/guava-testlib-22.0.jar:/home/jisu/.m2/repository/com/spotify/hamcrest-optional/1.1.0/hamcrest-optional-1.1.0.jar:/home/jisu/.m2/repository/org/hamcrest/hamcrest-junit/2.0.0.0/hamcrest-junit-2.0.0.0.jar:/home/jisu/.m2/repository/org/hamcrest/java-hamcrest/2.0.0.0/java-hamcrest-2.0.0.0.jar:/home/jisu/.m2/repository/junit/junit/4.12/junit-4.12.jar:/home/jisu/.m2/repository/org/hamcrest/hamcrest-core/1.3/hamcrest-core-1.3.jar:/home/jisu/.m2/repository/org/easymock/easymock/4.0.2/easymock-4.0.2.jar:/home/jisu/.m2/repository/org/hamcrest/hamcrest-all/1.3/hamcrest-all-1.3.jar:"/>
    <property name="java.vm.vendor" value="Private Build"/>
    <property name="sun.arch.data.model" value="64"/>
    <property name="java.vendor.url" value="Unknown"/>
    <property name="user.timezone" value=""/>
    <property name="java.vm.specification.version" value="11"/>
    <property name="os.name" value="Linux"/>
    <property name="sun.java.launcher" value="SUN_STANDARD"/>
    <property name="user.country" value="KR"/>
    <property name="sun.boot.library.path" value="/usr/lib/jvm/java-11-openjdk-amd64/lib"/>
    <property name="sun.java.command" value="/home/jisu/onos/providers/myapp/target/surefire/surefirebooter7046535923094223373.jar /home/jisu/onos/providers/myapp/target/surefire 2022-05-25T15-15-19_832-jvmRun1 surefire17203811678898225728tmp surefire_0958009455083545135tmp"/>
    <property name="jdk.debug" value="release"/>
    <property name="surefire.test.class.path" value="/home/jisu/onos/providers/myapp/target/test-classes:/home/jisu/onos/providers/myapp/target/classes:/home/jisu/.m2/repository/org/onosproject/onos-api/2.7.0-SNAPSHOT/onos-api-2.7.0-SNAPSHOT.jar:/home/jisu/.m2/repository/commons-configuration/commons-configuration/1.10/commons-configuration-1.10.jar:/home/jisu/.m2/repository/commons-logging/commons-logging/1.2/commons-logging-1.2.jar:/home/jisu/.m2/repository/commons-collections/commons-collections/3.2.2/commons-collections-3.2.2.jar:/home/jisu/.m2/repository/commons-lang/commons-lang/2.6/commons-lang-2.6.jar:/home/jisu/.m2/repository/org/apache/commons/commons-lang3/3.7/commons-lang3-3.7.jar:/home/jisu/.m2/repository/commons-io/commons-io/2.6/commons-io-2.6.jar:/home/jisu/.m2/repository/commons-pool/commons-pool/1.6/commons-pool-1.6.jar:/home/jisu/.m2/repository/org/apache/karaf/features/org.apache.karaf.features.core/4.2.9/org.apache.karaf.features.core-4.2.9.jar:/home/jisu/.m2/repository/org/ops4j/pax/url/pax-url-aether/2.6.2/pax-url-aether-2.6.2.jar:/home/jisu/.m2/repository/org/slf4j/jcl-over-slf4j/1.6.6/jcl-over-slf4j-1.6.6.jar:/home/jisu/.m2/repository/org/ops4j/base/ops4j-base-util-property/1.5.1/ops4j-base-util-property-1.5.1.jar:/home/jisu/.m2/repository/org/ops4j/base/ops4j-base-util-collections/1.5.1/ops4j-base-util-collections-1.5.1.jar:/home/jisu/.m2/repository/org/ops4j/base/ops4j-base-lang/1.5.1/ops4j-base-lang-1.5.1.jar:/home/jisu/.m2/repository/org/ops4j/pax/swissbox/pax-swissbox-property/1.8.3/pax-swissbox-property-1.8.3.jar:/home/jisu/.m2/repository/jakarta/xml/bind/jakarta.xml.bind-api/2.3.3/jakarta.xml.bind-api-2.3.3.jar:/home/jisu/.m2/repository/jakarta/activation/jakarta.activation-api/1.2.2/jakarta.activation-api-1.2.2.jar:/home/jisu/.m2/repository/org/glassfish/jaxb/jaxb-runtime/2.3.3/jaxb-runtime-2.3.3.jar:/home/jisu/.m2/repository/org/glassfish/jaxb/txw2/2.3.3/txw2-2.3.3.jar:/home/jisu/.m2/repository/com/sun/istack/istack-commons-runtime/3.0.11/istack-commons-runtime-3.0.11.jar:/home/jisu/.m2/repository/com/sun/activation/jakarta.activation/1.2.2/jakarta.activation-1.2.2.jar:/home/jisu/.m2/repository/javax/activation/activation/1.1.1/activation-1.1.1.jar:/home/jisu/.m2/repository/org/apache/karaf/system/org.apache.karaf.system.core/4.2.9/org.apache.karaf.system.core-4.2.9.jar:/home/jisu/.m2/repository/org/apache/karaf/org.apache.karaf.util/4.2.9/org.apache.karaf.util-4.2.9.jar:/home/jisu/.m2/repository/org/apache/felix/org.apache.felix.utils/1.11.2/org.apache.felix.utils-1.11.2.jar:/home/jisu/.m2/repository/org/apache/karaf/jaas/org.apache.karaf.jaas.boot/4.2.9/org.apache.karaf.jaas.boot-4.2.9.jar:/home/jisu/.m2/repository/org/apache/servicemix/bundles/org.apache.servicemix.bundles.dom4j/1.6.1_5/org.apache.servicemix.bundles.dom4j-1.6.1_5.jar:/home/jisu/.m2/repository/xml-apis/xml-apis/1.0.b2/xml-apis-1.0.b2.jar:/home/jisu/.m2/repository/com/google/code/findbugs/jsr305/3.0.2/jsr305-3.0.2.jar:/home/jisu/.m2/repository/io/netty/netty-buffer/4.1.35.Final/netty-buffer-4.1.35.Final.jar:/home/jisu/.m2/repository/io/netty/netty-common/4.1.35.Final/netty-common-4.1.35.Final.jar:/home/jisu/.m2/repository/com/fasterxml/jackson/core/jackson-annotations/2.11.0/jackson-annotations-2.11.0.jar:/home/jisu/.m2/repository/com/fasterxml/jackson/core/jackson-core/2.11.0/jackson-core-2.11.0.jar:/home/jisu/.m2/repository/com/fasterxml/jackson/core/jackson-databind/2.11.0/jackson-databind-2.11.0.jar:/home/jisu/.m2/repository/io/dropwizard/metrics/metrics-core/3.2.2/metrics-core-3.2.2.jar:/home/jisu/.m2/repository/io/dropwizard/metrics/metrics-json/3.2.2/metrics-json-3.2.2.jar:/home/jisu/.m2/repository/com/esotericsoftware/kryo/4.0.1/kryo-4.0.1.jar:/home/jisu/.m2/repository/com/esotericsoftware/reflectasm/1.11.7/reflectasm-1.11.7.jar:/home/jisu/.m2/repository/org/ow2/asm/asm/5.2/asm-5.2.jar:/home/jisu/.m2/repository/com/esotericsoftware/minlog/1.3.0/minlog-1.3.0.jar:/home/jisu/.m2/repository/org/objenesis/objenesis/2.6/objenesis-2.6.jar:/home/jisu/.m2/repository/org/onosproject/onlab-rest/2.7.0-SNAPSHOT/onlab-rest-2.7.0-SNAPSHOT.jar:/home/jisu/.m2/repository/javax/ws/rs/javax.ws.rs-api/2.1/javax.ws.rs-api-2.1.jar:/home/jisu/.m2/repository/org/glassfish/jersey/core/jersey-server/2.27/jersey-server-2.27.jar:/home/jisu/.m2/repository/org/glassfish/jersey/core/jersey-common/2.27/jersey-common-2.27.jar:/home/jisu/.m2/repository/org/glassfish/hk2/osgi-resource-locator/1.0.1/osgi-resource-locator-1.0.1.jar:/home/jisu/.m2/repository/org/glassfish/jersey/core/jersey-client/2.27/jersey-client-2.27.jar:/home/jisu/.m2/repository/org/glassfish/jersey/media/jersey-media-jaxb/2.27/jersey-media-jaxb-2.27.jar:/home/jisu/.m2/repository/javax/annotation/javax.annotation-api/1.2/javax.annotation-api-1.2.jar:/home/jisu/.m2/repository/org/glassfish/hk2/external/javax.inject/2.5.0-b42/javax.inject-2.5.0-b42.jar:/home/jisu/.m2/repository/javax/validation/validation-api/1.1.0.Final/validation-api-1.1.0.Final.jar:/home/jisu/.m2/repository/org/glassfish/jersey/inject/jersey-hk2/2.27/jersey-hk2-2.27.jar:/home/jisu/.m2/repository/org/glassfish/hk2/hk2-locator/2.5.0-b42/hk2-locator-2.5.0-b42.jar:/home/jisu/.m2/repository/org/glassfish/hk2/external/aopalliance-repackaged/2.5.0-b42/aopalliance-repackaged-2.5.0-b42.jar:/home/jisu/.m2/repository/org/glassfish/hk2/hk2-api/2.5.0-b42/hk2-api-2.5.0-b42.jar:/home/jisu/.m2/repository/javax/inject/javax.inject/1/javax.inject-1.jar:/home/jisu/.m2/repository/org/glassfish/hk2/hk2-utils/2.5.0-b42/hk2-utils-2.5.0-b42.jar:/home/jisu/.m2/repository/org/javassist/javassist/3.22.0-CR2/javassist-3.22.0-CR2.jar:/home/jisu/.m2/repository/joda-time/joda-time/2.9.3/joda-time-2.9.3.jar:/home/jisu/.m2/repository/io/netty/netty/3.10.5.Final/netty-3.10.5.Final.jar:/home/jisu/.m2/repository/org/onosproject/onlab-osgi/2.7.0-SNAPSHOT/onlab-osgi-2.7.0-SNAPSHOT.jar:/home/jisu/.m2/repository/org/onosproject/onlab-misc/2.7.0-SNAPSHOT/onlab-misc-2.7.0-SNAPSHOT.jar:/home/jisu/.m2/repository/org/onosproject/onos-api/2.7.0-SNAPSHOT/onos-api-2.7.0-SNAPSHOT-tests.jar:/home/jisu/.m2/repository/com/google/guava/guava/22.0/guava-22.0.jar:/home/jisu/.m2/repository/com/google/errorprone/error_prone_annotations/2.0.18/error_prone_annotations-2.0.18.jar:/home/jisu/.m2/repository/com/google/j2objc/j2objc-annotations/1.1/j2objc-annotations-1.1.jar:/home/jisu/.m2/repository/org/codehaus/mojo/animal-sniffer-annotations/1.14/animal-sniffer-annotations-1.14.jar:/home/jisu/.m2/repository/org/osgi/org.osgi.core/6.0.0/org.osgi.core-6.0.0.jar:/home/jisu/.m2/repository/org/osgi/org.osgi.service.component.annotations/1.4.0/org.osgi.service.component.annotations-1.4.0.jar:/home/jisu/.m2/repository/org/osgi/org.osgi.service.component/1.4.0/org.osgi.service.component-1.4.0.jar:/home/jisu/.m2/repository/org/osgi/org.osgi.service.metatype.annotations/1.4.0/org.osgi.service.metatype.annotations-1.4.0.jar:/home/jisu/.m2/repository/org/osgi/org.osgi.util.promise/1.1.1/org.osgi.util.promise-1.1.1.jar:/home/jisu/.m2/repository/org/osgi/osgi.cmpn/6.0.0/osgi.cmpn-6.0.0.jar:/home/jisu/.m2/repository/org/slf4j/slf4j-api/1.7.25/slf4j-api-1.7.25.jar:/home/jisu/.m2/repository/com/google/guava/guava-testlib/22.0/guava-testlib-22.0.jar:/home/jisu/.m2/repository/com/spotify/hamcrest-optional/1.1.0/hamcrest-optional-1.1.0.jar:/home/jisu/.m2/repository/org/hamcrest/hamcrest-junit/2.0.0.0/hamcrest-junit-2.0.0.0.jar:/home/jisu/.m2/repository/org/hamcrest/java-hamcrest/2.0.0.0/java-hamcrest-2.0.0.0.jar:/home/jisu/.m2/repository/junit/junit/4.12/junit-4.12.jar:/home/jisu/.m2/repository/org/hamcrest/hamcrest-core/1.3/hamcrest-core-1.3.jar:/home/jisu/.m2/repository/org/easymock/easymock/4.0.2/easymock-4.0.2.jar:/home/jisu/.m2/repository/org/hamcrest/hamcrest-all/1.3/hamcrest-all-1.3.jar:"/>
    <property name="sun.cpu.endian" value="little"/>
    <property name="user.home" value="/home/jisu"/>
    <property name="user.language" value="ko"/>
    <property name="java.specification.vendor" value="Oracle Corporation"/>
    <property name="java.version.date" value="2022-04-19"/>
    <property name="java.home" value="/usr/lib/jvm/java-11-openjdk-amd64"/>
    <property name="file.separator" value="/"/>
    <property name="basedir" value="/home/jisu/onos/providers/myapp"/>
    <property name="java.vm.compressedOopsMode" value="32-bit"/>
    <property name="line.separator" value="&#10;"/>
    <property name="checkstyle.skip" value="true"/>
    <property name="java.specification.name" value="Java Platform API Specification"/>
    <property name="java.vm.specification.vendor" value="Oracle Corporation"/>
    <property name="java.awt.graphicsenv" value="sun.awt.X11GraphicsEnvironment"/>
    <property name="surefire.real.class.path" value="/home/jisu/onos/providers/myapp/target/surefire/surefirebooter7046535923094223373.jar"/>
    <property name="sun.management.compiler" value="HotSpot 64-Bit Tiered Compilers"/>
    <property name="java.runtime.version" value="11.0.15+10-Ubuntu-0ubuntu0.18.04.1"/>
    <property name="user.name" value="jisu"/>
    <property name="path.separator" value=":"/>
    <property name="os.version" value="5.4.0-113-generic"/>
    <property name="java.runtime.name" value="OpenJDK Runtime Environment"/>
    <property name="file.encoding" value="UTF-8"/>
    <property name="java.vm.name" value="OpenJDK 64-Bit Server VM"/>
    <property name="localRepository" value="/home/jisu/.m2/repository"/>
    <property name="java.vendor.url.bug" value="Unknown"/>
    <property name="java.io.tmpdir" value="/tmp"/>
    <property name="java.version" value="11.0.15"/>
    <property name="user.dir" value="/home/jisu/onos/providers/myapp"/>
    <property name="os.arch" value="amd64"/>
    <property name="java.vm.specification.name" value="Java Virtual Machine Specification"/>
    <property name="java.awt.printerjob" value="sun.print.PSPrinterJob"/>
    <property name="sun.os.patch.level" value="unknown"/>
    <property name="java.library.path" value="/usr/java/packages/lib:/usr/lib/x86_64-linux-gnu/jni:/lib/x86_64-linux-gnu:/usr/lib/x86_64-linux-gnu:/usr/lib/jni:/lib:/usr/lib"/>
    <property name="java.vm.info" value="mixed mode, sharing"/>
    <property name="java.vendor" value="Private Build"/>
    <property name="java.vm.version" value="11.0.15+10-Ubuntu-0ubuntu0.18.04.1"/>
    <property name="sun.io.unicode.encoding" value="UnicodeLittle"/>
    <property name="java.class.version" value="55.0"/>
  </properties>
  <testcase name="basics" classname="org.onosproject.provider.myapp.AppComponentTest" time="0"/>
</testsuite>